[debug] [2020-05-08T16:03:19.314Z] ----------------------------------------------------------------------
[debug] [2020-05-08T16:03:19.318Z] Command:       /Users/tm/.nvm/versions/node/v10.16.3/bin/node /Users/tm/.nvm/versions/node/v10.16.3/bin/firebase deploy
[debug] [2020-05-08T16:03:19.319Z] CLI Version:   8.0.0
[debug] [2020-05-08T16:03:19.319Z] Platform:      darwin
[debug] [2020-05-08T16:03:19.319Z] Node Version:  v10.16.3
[debug] [2020-05-08T16:03:19.320Z] Time:          Fri May 08 2020 12:03:19 GMT-0400 (Eastern Daylight Time)
[debug] [2020-05-08T16:03:19.320Z] ----------------------------------------------------------------------
[debug] [2020-05-08T16:03:19.320Z] 
[debug] [2020-05-08T16:03:19.394Z] > command requires scopes: ["email","openid","https://www.googleapis.com/auth/cloudplatformprojects.readonly","https://www.googleapis.com/auth/firebase","https://www.googleapis.com/auth/cloud-platform"]
[debug] [2020-05-08T16:03:19.395Z] > authorizing via signed-in user
[debug] [2020-05-08T16:03:19.395Z] [iam] checking project chairlocations for permissions ["cloudfunctions.functions.create","cloudfunctions.functions.delete","cloudfunctions.functions.get","cloudfunctions.functions.list","cloudfunctions.functions.update","cloudfunctions.operations.get","firebase.projects.get","firebasehosting.sites.update"]
[debug] [2020-05-08T16:03:19.399Z] >>> HTTP REQUEST POST https://cloudresourcemanager.googleapis.com/v1/projects/chairlocations:testIamPermissions  
 {"permissions":["cloudfunctions.functions.create","cloudfunctions.functions.delete","cloudfunctions.functions.get","cloudfunctions.functions.list","cloudfunctions.functions.update","cloudfunctions.operations.get","firebase.projects.get","firebasehosting.sites.update"]}
[debug] [2020-05-08T16:03:19.847Z] <<< HTTP RESPONSE 200 {"content-type":"application/json; charset=UTF-8","vary":"X-Origin, Referer, Origin,Accept-Encoding","date":"Fri, 08 May 2020 16:03:19 GMT","server":"ESF","cache-control":"private","x-xss-protection":"0","x-frame-options":"SAMEORIGIN","x-content-type-options":"nosniff","server-timing":"gfet4t7; dur=143","alt-svc":"h3-27=\":443\"; ma=2592000,h3-25=\":443\"; ma=2592000,h3-Q050=\":443\"; ma=2592000,h3-Q049=\":443\"; ma=2592000,h3-Q048=\":443\"; ma=2592000,h3-Q046=\":443\"; ma=2592000,h3-Q043=\":443\"; ma=2592000,quic=\":443\"; ma=2592000; v=\"46,43\"","accept-ranges":"none","transfer-encoding":"chunked"}
[debug] [2020-05-08T16:03:19.849Z] >>> HTTP REQUEST GET https://firebase.googleapis.com/v1beta1/projects/chairlocations  
 
[debug] [2020-05-08T16:03:20.120Z] <<< HTTP RESPONSE 200 {"content-type":"application/json; charset=UTF-8","vary":"X-Origin, Referer, Origin,Accept-Encoding","date":"Fri, 08 May 2020 16:03:20 GMT","server":"ESF","cache-control":"private","x-xss-protection":"0","x-frame-options":"SAMEORIGIN","x-content-type-options":"nosniff","alt-svc":"h3-27=\":443\"; ma=2592000,h3-25=\":443\"; ma=2592000,h3-Q050=\":443\"; ma=2592000,h3-Q049=\":443\"; ma=2592000,h3-Q048=\":443\"; ma=2592000,h3-Q046=\":443\"; ma=2592000,h3-Q043=\":443\"; ma=2592000,quic=\":443\"; ma=2592000; v=\"46,43\"","accept-ranges":"none","transfer-encoding":"chunked"}
[info] 
[info] === Deploying to 'chairlocations'...
[info] 
[info] i  deploying functions, hosting
[debug] [2020-05-08T16:04:01.753Z] > [functions] package.json contents: {
  "name": "functions",
  "description": "Cloud Functions for Firebase",
  "scripts": {
    "lint": "babel-eslint .",
    "serve": "firebase serve --only functions",
    "shell": "firebase functions:shell",
    "start": "npm run shell",
    "deploy": "firebase deploy --only functions",
    "logs": "firebase functions:log"
  },
  "engines": {
    "node": "10"
  },
  "dependencies": {
    "consolidate": "^0.15.1",
    "escape-html": "^1.0.3",
    "express": "^4.17.1",
    "firebase": "^7.13.1",
    "firebase-admin": "^8.10.0",
    "firebase-functions": "^3.6.0",
    "handlebars": "^4.7.4",
    "log-timestamp": "^0.3.0"
  },
  "devDependencies": {
    "babel-eslint": "^10.1.0",
    "eslint": "^5.12.0",
    "eslint-plugin-promise": "^4.0.1",
    "firebase-functions-test": "^0.1.6",
    "firebase-tools": "^8.0.0",
    "webpack": "^4.42.1"
  },
  "private": true
}
[info] i  functions: ensuring necessary APIs are enabled...
[debug] [2020-05-08T16:04:01.755Z] >>> HTTP REQUEST GET https://serviceusage.googleapis.com/v1/projects/chairlocations/services/cloudfunctions.googleapis.com  
 
[debug] [2020-05-08T16:04:01.756Z] >>> HTTP REQUEST GET https://serviceusage.googleapis.com/v1/projects/chairlocations/services/runtimeconfig.googleapis.com  
 
[debug] [2020-05-08T16:04:02.203Z] <<< HTTP RESPONSE 200 {"content-type":"application/json; charset=UTF-8","vary":"X-Origin, Referer, Origin,Accept-Encoding","date":"Fri, 08 May 2020 16:04:02 GMT","server":"ESF","cache-control":"private","x-xss-protection":"0","x-frame-options":"SAMEORIGIN","x-content-type-options":"nosniff","alt-svc":"h3-27=\":443\"; ma=2592000,h3-25=\":443\"; ma=2592000,h3-Q050=\":443\"; ma=2592000,h3-Q049=\":443\"; ma=2592000,h3-Q048=\":443\"; ma=2592000,h3-Q046=\":443\"; ma=2592000,h3-Q043=\":443\"; ma=2592000,quic=\":443\"; ma=2592000; v=\"46,43\"","accept-ranges":"none","transfer-encoding":"chunked"}
[debug] [2020-05-08T16:04:02.237Z] <<< HTTP RESPONSE 200 {"content-type":"application/json; charset=UTF-8","vary":"X-Origin, Referer, Origin,Accept-Encoding","date":"Fri, 08 May 2020 16:04:02 GMT","server":"ESF","cache-control":"private","x-xss-protection":"0","x-frame-options":"SAMEORIGIN","x-content-type-options":"nosniff","alt-svc":"h3-27=\":443\"; ma=2592000,h3-25=\":443\"; ma=2592000,h3-Q050=\":443\"; ma=2592000,h3-Q049=\":443\"; ma=2592000,h3-Q048=\":443\"; ma=2592000,h3-Q046=\":443\"; ma=2592000,h3-Q043=\":443\"; ma=2592000,quic=\":443\"; ma=2592000; v=\"46,43\"","accept-ranges":"none","transfer-encoding":"chunked"}
[info] ✔  functions: all necessary APIs are enabled
[debug] [2020-05-08T16:04:02.238Z] >>> HTTP REQUEST GET https://firebase.googleapis.com/v1beta1/projects/chairlocations/adminSdkConfig  
 
[debug] [2020-05-08T16:04:02.473Z] <<< HTTP RESPONSE 200 {"content-type":"application/json; charset=UTF-8","vary":"X-Origin, Referer, Origin,Accept-Encoding","date":"Fri, 08 May 2020 16:04:02 GMT","server":"ESF","cache-control":"private","x-xss-protection":"0","x-frame-options":"SAMEORIGIN","x-content-type-options":"nosniff","alt-svc":"h3-27=\":443\"; ma=2592000,h3-25=\":443\"; ma=2592000,h3-Q050=\":443\"; ma=2592000,h3-Q049=\":443\"; ma=2592000,h3-Q048=\":443\"; ma=2592000,h3-Q046=\":443\"; ma=2592000,h3-Q043=\":443\"; ma=2592000,quic=\":443\"; ma=2592000; v=\"46,43\"","accept-ranges":"none","transfer-encoding":"chunked"}
[debug] [2020-05-08T16:04:02.475Z] >>> HTTP REQUEST POST https://firebasehosting.googleapis.com/v1beta1/sites/chairlocations/versions  
 {"config":{"rewrites":[{"glob":"/chairloc{,/**}","function":"api"},{"glob":"/chairheaders{,/**}","function":"api"},{"glob":"/users{,/**}","function":"api"},{"glob":"/beaches{,/**}","function":"api"},{"glob":"**","path":"/index.html"}]},"labels":{"deployment-tool":"cli-firebase"}}
[debug] [2020-05-08T16:04:03.532Z] <<< HTTP RESPONSE 200 {"content-type":"application/json; charset=UTF-8","vary":"X-Origin, Referer, Origin,Accept-Encoding","date":"Fri, 08 May 2020 16:04:03 GMT","server":"ESF","cache-control":"private","x-xss-protection":"0","x-frame-options":"SAMEORIGIN","x-content-type-options":"nosniff","alt-svc":"h3-27=\":443\"; ma=2592000,h3-25=\":443\"; ma=2592000,h3-Q050=\":443\"; ma=2592000,h3-Q049=\":443\"; ma=2592000,h3-Q048=\":443\"; ma=2592000,h3-Q046=\":443\"; ma=2592000,h3-Q043=\":443\"; ma=2592000,quic=\":443\"; ma=2592000; v=\"46,43\"","accept-ranges":"none","transfer-encoding":"chunked"}
[info] i  functions: preparing functions directory for uploading...
[debug] [2020-05-08T16:04:03.538Z] >>> HTTP REQUEST GET https://runtimeconfig.googleapis.com/v1beta1/projects/chairlocations/configs  
 
[debug] [2020-05-08T16:04:03.942Z] <<< HTTP RESPONSE 200 {"content-type":"application/json; charset=UTF-8","vary":"X-Origin, Referer, Origin,Accept-Encoding","date":"Fri, 08 May 2020 16:04:03 GMT","server":"ESF","cache-control":"private","x-xss-protection":"0","x-frame-options":"SAMEORIGIN","x-content-type-options":"nosniff","alt-svc":"h3-27=\":443\"; ma=2592000,h3-25=\":443\"; ma=2592000,h3-Q050=\":443\"; ma=2592000,h3-Q049=\":443\"; ma=2592000,h3-Q048=\":443\"; ma=2592000,h3-Q046=\":443\"; ma=2592000,h3-Q043=\":443\"; ma=2592000,quic=\":443\"; ma=2592000; v=\"46,43\"","accept-ranges":"none","transfer-encoding":"chunked"}
[info] i  functions: packaged functions (141.05 KB) for uploading
[debug] [2020-05-08T16:04:12.828Z] >>> HTTP REQUEST POST https://cloudfunctions.googleapis.com/v1/projects/chairlocations/locations/us-central1/functions:generateUploadUrl  
 
[debug] [2020-05-08T16:04:13.774Z] <<< HTTP RESPONSE 200 {"content-type":"application/json; charset=UTF-8","vary":"X-Origin, Referer, Origin,Accept-Encoding","date":"Fri, 08 May 2020 16:04:13 GMT","server":"ESF","cache-control":"private","x-xss-protection":"0","x-frame-options":"SAMEORIGIN","x-content-type-options":"nosniff","alt-svc":"h3-27=\":443\"; ma=2592000,h3-25=\":443\"; ma=2592000,h3-Q050=\":443\"; ma=2592000,h3-Q049=\":443\"; ma=2592000,h3-Q048=\":443\"; ma=2592000,h3-Q046=\":443\"; ma=2592000,h3-Q043=\":443\"; ma=2592000,quic=\":443\"; ma=2592000; v=\"46,43\"","accept-ranges":"none","transfer-encoding":"chunked"}
[debug] [2020-05-08T16:04:13.774Z] >>> HTTP REQUEST PUT https://storage.googleapis.com/gcf-upload-us-central1-4e82139c-6c62-4e14-aab1-e61f3918672f/e127d3c4-8b49-4398-8698-bfe0777be628.zip?GoogleAccessId=service-702445664854@gcf-admin-robot.iam.gserviceaccount.com&Expires=1588955653&Signature=F3Mil%2FoAlx6LJdr0oe5yjEecvXb9giPtMT1mAwc%2FwkIBARG%2FeOQN79gCmnwuUo5fyjAmJtDG%2FrLECsmf5ivUMG%2BxUNbLo5mUfYbVcoxEq%2FF1cwu5zDjCtB9itvMkMCOA2aAeJKBSMD1gt1JwNxBmRPdSzBluE1oKnC%2BWz8D9DURQKBf3Cp%2BfoDll6cLFQUbiLYnQU0ufEl4VAy0sir7PeBxbHa%2Fy3lb1HNoKgqZerJuvYMecp%2FSOPczmPLeGbIGJPfvS4TUzEni5UF1j7ZuaP9sQGJOcfPLMOmN0anAut0RzUzPuGNA1Qfsnm2D9dSn7whz%2BJOpX6piZ50iTWAxABA%3D%3D  
 <request body omitted>
[debug] [2020-05-08T16:04:14.285Z] <<< HTTP RESPONSE 200 {"x-guploader-uploadid":"AAANsUlW3W6jt-4fGiVpksl3Uqns0bOYNzSW4OaVvYJDH0c9nFdZHqzfOhriwVGzXGqxkZHj_GWALQXmQdUDR1JPoog","etag":"\"a7862e346e355eec14f388fd040a770a\"","x-goog-generation":"1588953854212541","x-goog-metageneration":"1","x-goog-hash":"crc32c=uAVJ9Q==, md5=p4YuNG41XuwU84j9BAp3Cg==","x-goog-stored-content-length":"144440","x-goog-stored-content-encoding":"identity","vary":"Origin","content-length":"0","date":"Fri, 08 May 2020 16:04:14 GMT","server":"UploadServer","content-type":"text/html; charset=UTF-8","alt-svc":"h3-27=\":443\"; ma=2592000,h3-25=\":443\"; ma=2592000,h3-Q050=\":443\"; ma=2592000,h3-Q049=\":443\"; ma=2592000,h3-Q048=\":443\"; ma=2592000,h3-Q046=\":443\"; ma=2592000,h3-Q043=\":443\"; ma=2592000,quic=\":443\"; ma=2592000; v=\"46,43\""}
[info] ✔  functions: functions folder uploaded successfully
[info] i  hosting[chairlocations]: beginning deploy...
[info] i  hosting[chairlocations]: found 23 files in dist
[debug] [2020-05-08T16:04:14.577Z] [hosting] hash cache [ZGlzdA] stored for 23 files
[debug] [2020-05-08T16:04:14.578Z] [hosting][hash queue][FINAL] {"max":226,"min":45,"avg":54.73913043478261,"active":0,"complete":23,"success":23,"errored":0,"retried":0,"total":23,"elapsed":231}
[debug] [2020-05-08T16:04:14.578Z] >>> HTTP REQUEST POST https://firebasehosting.googleapis.com/v1beta1/sites/chairlocations/versions/a834975bbe7a9ae5:populateFiles  
 <request body omitted>
[debug] [2020-05-08T16:04:15.309Z] <<< HTTP RESPONSE 200 {"content-type":"application/json; charset=UTF-8","vary":"X-Origin, Referer, Origin,Accept-Encoding","date":"Fri, 08 May 2020 16:04:15 GMT","server":"ESF","cache-control":"private","x-xss-protection":"0","x-frame-options":"SAMEORIGIN","x-content-type-options":"nosniff","alt-svc":"h3-27=\":443\"; ma=2592000,h3-25=\":443\"; ma=2592000,h3-Q050=\":443\"; ma=2592000,h3-Q049=\":443\"; ma=2592000,h3-Q048=\":443\"; ma=2592000,h3-Q046=\":443\"; ma=2592000,h3-Q043=\":443\"; ma=2592000,quic=\":443\"; ma=2592000; v=\"46,43\"","accept-ranges":"none","transfer-encoding":"chunked"}
[debug] [2020-05-08T16:04:15.311Z] [hosting][populate queue][FINAL] {"max":733,"min":733,"avg":733,"active":0,"complete":1,"success":1,"errored":0,"retried":0,"total":1,"elapsed":735}
[debug] [2020-05-08T16:04:15.311Z] [hosting] uploads queued: 1
[debug] [2020-05-08T16:04:16.538Z] [hosting][upload queue][FINAL] {"max":1229,"min":1229,"avg":1229,"active":0,"complete":1,"success":1,"errored":0,"retried":0,"total":1,"elapsed":1229}
[info] ✔  hosting[chairlocations]: file upload complete
[debug] [2020-05-08T16:04:16.538Z] [hosting] deploy completed after 2251ms
[debug] [2020-05-08T16:04:16.698Z] >>> HTTP REQUEST GET https://cloudfunctions.googleapis.com/v1/projects/chairlocations/locations/-/functions  
 
[debug] [2020-05-08T16:04:17.050Z] <<< HTTP RESPONSE 200 {"content-type":"application/json; charset=UTF-8","vary":"X-Origin, Referer, Origin,Accept-Encoding","date":"Fri, 08 May 2020 16:04:17 GMT","server":"ESF","cache-control":"private","x-xss-protection":"0","x-frame-options":"SAMEORIGIN","x-content-type-options":"nosniff","alt-svc":"h3-27=\":443\"; ma=2592000,h3-25=\":443\"; ma=2592000,h3-Q050=\":443\"; ma=2592000,h3-Q049=\":443\"; ma=2592000,h3-Q048=\":443\"; ma=2592000,h3-Q046=\":443\"; ma=2592000,h3-Q043=\":443\"; ma=2592000,quic=\":443\"; ma=2592000; v=\"46,43\"","accept-ranges":"none","transfer-encoding":"chunked"}
[info] i  functions: updating Node.js 10 (Beta) function api(us-central1)...
[debug] [2020-05-08T16:04:17.053Z] Trigger is:  {"httpsTrigger":{}}
[debug] [2020-05-08T16:04:17.054Z] >>> HTTP REQUEST GET https://serviceusage.googleapis.com/v1/projects/chairlocations/services/cloudscheduler.googleapis.com  
 
[debug] [2020-05-08T16:04:17.460Z] <<< HTTP RESPONSE 200 {"content-type":"application/json; charset=UTF-8","vary":"X-Origin, Referer, Origin,Accept-Encoding","date":"Fri, 08 May 2020 16:04:17 GMT","server":"ESF","cache-control":"private","x-xss-protection":"0","x-frame-options":"SAMEORIGIN","x-content-type-options":"nosniff","alt-svc":"h3-27=\":443\"; ma=2592000,h3-25=\":443\"; ma=2592000,h3-Q050=\":443\"; ma=2592000,h3-Q049=\":443\"; ma=2592000,h3-Q048=\":443\"; ma=2592000,h3-Q046=\":443\"; ma=2592000,h3-Q043=\":443\"; ma=2592000,quic=\":443\"; ma=2592000; v=\"46,43\"","accept-ranges":"none","transfer-encoding":"chunked"}
[debug] [2020-05-08T16:04:17.461Z] >>> HTTP REQUEST PATCH https://cloudfunctions.googleapis.com/v1/projects/chairlocations/locations/us-central1/functions/api {"updateMask":"sourceUploadUrl,name,labels,runtime,httpsTrigger"} 
 {"sourceUploadUrl":"https://storage.googleapis.com/gcf-upload-us-central1-4e82139c-6c62-4e14-aab1-e61f3918672f/e127d3c4-8b49-4398-8698-bfe0777be628.zip?GoogleAccessId=service-702445664854@gcf-admin-robot.iam.gserviceaccount.com&Expires=1588955653&Signature=F3Mil%2FoAlx6LJdr0oe5yjEecvXb9giPtMT1mAwc%2FwkIBARG%2FeOQN79gCmnwuUo5fyjAmJtDG%2FrLECsmf5ivUMG%2BxUNbLo5mUfYbVcoxEq%2FF1cwu5zDjCtB9itvMkMCOA2aAeJKBSMD1gt1JwNxBmRPdSzBluE1oKnC%2BWz8D9DURQKBf3Cp%2BfoDll6cLFQUbiLYnQU0ufEl4VAy0sir7PeBxbHa%2Fy3lb1HNoKgqZerJuvYMecp%2FSOPczmPLeGbIGJPfvS4TUzEni5UF1j7ZuaP9sQGJOcfPLMOmN0anAut0RzUzPuGNA1Qfsnm2D9dSn7whz%2BJOpX6piZ50iTWAxABA%3D%3D","name":"projects/chairlocations/locations/us-central1/functions/api","labels":{"deployment-tool":"cli-firebase"},"httpsTrigger":{},"runtime":"nodejs10"}
[debug] [2020-05-08T16:04:18.096Z] <<< HTTP RESPONSE 200 {"content-type":"application/json; charset=UTF-8","vary":"X-Origin, Referer, Origin,Accept-Encoding","date":"Fri, 08 May 2020 16:04:18 GMT","server":"ESF","cache-control":"private","x-xss-protection":"0","x-frame-options":"SAMEORIGIN","x-content-type-options":"nosniff","alt-svc":"h3-27=\":443\"; ma=2592000,h3-25=\":443\"; ma=2592000,h3-Q050=\":443\"; ma=2592000,h3-Q049=\":443\"; ma=2592000,h3-Q048=\":443\"; ma=2592000,h3-Q046=\":443\"; ma=2592000,h3-Q043=\":443\"; ma=2592000,quic=\":443\"; ma=2592000; v=\"46,43\"","accept-ranges":"none","transfer-encoding":"chunked"}
[debug] [2020-05-08T16:04:18.098Z] >>> HTTP REQUEST GET https://cloudfunctions.googleapis.com/v1/projects/chairlocations/locations/-/functions  
 
[debug] [2020-05-08T16:04:18.484Z] <<< HTTP RESPONSE 200 {"content-type":"application/json; charset=UTF-8","vary":"X-Origin, Referer, Origin,Accept-Encoding","date":"Fri, 08 May 2020 16:04:18 GMT","server":"ESF","cache-control":"private","x-xss-protection":"0","x-frame-options":"SAMEORIGIN","x-content-type-options":"nosniff","alt-svc":"h3-27=\":443\"; ma=2592000,h3-25=\":443\"; ma=2592000,h3-Q050=\":443\"; ma=2592000,h3-Q049=\":443\"; ma=2592000,h3-Q048=\":443\"; ma=2592000,h3-Q046=\":443\"; ma=2592000,h3-Q043=\":443\"; ma=2592000,quic=\":443\"; ma=2592000; v=\"46,43\"","accept-ranges":"none","transfer-encoding":"chunked"}
[debug] [2020-05-08T16:04:18.485Z] >>> HTTP REQUEST GET https://cloudfunctions.googleapis.com/v1/operations/Y2hhaXJsb2NhdGlvbnMvdXMtY2VudHJhbDEvYXBpL215enhxeHU0aTdB  
 
[debug] [2020-05-08T16:04:18.700Z] <<< HTTP RESPONSE 200 {"content-type":"application/json; charset=UTF-8","vary":"X-Origin, Referer, Origin,Accept-Encoding","date":"Fri, 08 May 2020 16:04:18 GMT","server":"ESF","cache-control":"private","x-xss-protection":"0","x-frame-options":"SAMEORIGIN","x-content-type-options":"nosniff","alt-svc":"h3-27=\":443\"; ma=2592000,h3-25=\":443\"; ma=2592000,h3-Q050=\":443\"; ma=2592000,h3-Q049=\":443\"; ma=2592000,h3-Q048=\":443\"; ma=2592000,h3-Q046=\":443\"; ma=2592000,h3-Q043=\":443\"; ma=2592000,quic=\":443\"; ma=2592000; v=\"46,43\"","accept-ranges":"none","transfer-encoding":"chunked"}
[debug] [2020-05-08T16:04:20.701Z] >>> HTTP REQUEST GET https://cloudfunctions.googleapis.com/v1/operations/Y2hhaXJsb2NhdGlvbnMvdXMtY2VudHJhbDEvYXBpL215enhxeHU0aTdB  
 
[debug] [2020-05-08T16:04:20.884Z] <<< HTTP RESPONSE 200 {"content-type":"application/json; charset=UTF-8","vary":"X-Origin, Referer, Origin,Accept-Encoding","date":"Fri, 08 May 2020 16:04:20 GMT","server":"ESF","cache-control":"private","x-xss-protection":"0","x-frame-options":"SAMEORIGIN","x-content-type-options":"nosniff","alt-svc":"h3-27=\":443\"; ma=2592000,h3-25=\":443\"; ma=2592000,h3-Q050=\":443\"; ma=2592000,h3-Q049=\":443\"; ma=2592000,h3-Q048=\":443\"; ma=2592000,h3-Q046=\":443\"; ma=2592000,h3-Q043=\":443\"; ma=2592000,quic=\":443\"; ma=2592000; v=\"46,43\"","accept-ranges":"none","transfer-encoding":"chunked"}
[debug] [2020-05-08T16:04:22.887Z] >>> HTTP REQUEST GET https://cloudfunctions.googleapis.com/v1/operations/Y2hhaXJsb2NhdGlvbnMvdXMtY2VudHJhbDEvYXBpL215enhxeHU0aTdB  
 
[debug] [2020-05-08T16:04:23.045Z] <<< HTTP RESPONSE 200 {"content-type":"application/json; charset=UTF-8","vary":"X-Origin, Referer, Origin,Accept-Encoding","date":"Fri, 08 May 2020 16:04:23 GMT","server":"ESF","cache-control":"private","x-xss-protection":"0","x-frame-options":"SAMEORIGIN","x-content-type-options":"nosniff","alt-svc":"h3-27=\":443\"; ma=2592000,h3-25=\":443\"; ma=2592000,h3-Q050=\":443\"; ma=2592000,h3-Q049=\":443\"; ma=2592000,h3-Q048=\":443\"; ma=2592000,h3-Q046=\":443\"; ma=2592000,h3-Q043=\":443\"; ma=2592000,quic=\":443\"; ma=2592000; v=\"46,43\"","accept-ranges":"none","transfer-encoding":"chunked"}
[debug] [2020-05-08T16:04:25.051Z] >>> HTTP REQUEST GET https://cloudfunctions.googleapis.com/v1/operations/Y2hhaXJsb2NhdGlvbnMvdXMtY2VudHJhbDEvYXBpL215enhxeHU0aTdB  
 
[debug] [2020-05-08T16:04:25.250Z] <<< HTTP RESPONSE 200 {"content-type":"application/json; charset=UTF-8","vary":"X-Origin, Referer, Origin,Accept-Encoding","date":"Fri, 08 May 2020 16:04:25 GMT","server":"ESF","cache-control":"private","x-xss-protection":"0","x-frame-options":"SAMEORIGIN","x-content-type-options":"nosniff","alt-svc":"h3-27=\":443\"; ma=2592000,h3-25=\":443\"; ma=2592000,h3-Q050=\":443\"; ma=2592000,h3-Q049=\":443\"; ma=2592000,h3-Q048=\":443\"; ma=2592000,h3-Q046=\":443\"; ma=2592000,h3-Q043=\":443\"; ma=2592000,quic=\":443\"; ma=2592000; v=\"46,43\"","accept-ranges":"none","transfer-encoding":"chunked"}
